Arguments: 
  C:\Program Files\nodejs\node.exe C:\Users\willa\AppData\Roaming\npm\node_modules\yarn\bin\yarn.js

PATH: 
  C:\cmder\bin;C:\cmder\vendor\bin;C:\Python27\;C:\Python27\Scripts;C:\Program Files (x86)\Common Files\Oracle\Java\javapath;C:\WINDOWS\system32;C:\WINDOWS;C:\WINDOWS\System32\Wbem;C:\WINDOWS\System32\WindowsPowerShell\v1.0\;C:\WINDOWS\System32\OpenSSH\;C:\composer;C:\Program Files\Git\cmd;C:\Program Files\Genymobile\Genymotion\tools;C:\ProgramData\chocolatey\bin;C:\Program Files\Java\jdk1.8.0_211\bin;C:\Android\Sdk\emulator;C:\Android\Sdk\tools;C:\Android\Sdk\tools\bin;C:\Android\Sdk\platform-tools;C:\Program Files\nodejs\;C:\Ruby23\bin;C:\Users\willa\AppData\Local\Microsoft\WindowsApps;C:\php;C:\Users\willa\AppData\Roaming\Composer\vendor\bin;C:\Program Files\MySQL\MySQL Server 8.0\bin;C:\Users\willa\AppData\Local\Programs\Microsoft VS Code\bin;C:\Program Files\heroku\bin;C:\Users\willa\AppData\Roaming\npm;C:\Users\willa\AppData\Local\Google\Cloud SDK\google-cloud-sdk\bin;C:\Program Files\Git\cmd;C:\Program Files\Git\mingw64\bin;C:\Program Files\Git\usr\bin;C:\cmder

Yarn version: 
  1.22.10

Node version: 
  14.15.4

Platform: 
  win32 x64

Trace: 
  Error: ENOENT: no such file or directory, lstat 'C:\jobs\meiuca\base\react\design-system\node_modules\mkdirp'

npm manifest: 
  {
    "name": "reactds-design-system",
    "version": "1.0.0",
    "main": "index.js",
    "author": "Will Angelico <will.angelico@meiuca.design>",
    "license": "MIT",
    "scripts": {
      "test": "echo \"Error: no test specified\" && exit 1",
      "build": "webpack",
      "storybook": "start-storybook -p 6006",
      "build-storybook": "build-storybook"
    },
    "module": "dist/main.bundle.js",
    "devDependencies": {
      "@babel/core": "^7.14.6",
      "@babel/preset-env": "^7.14.7",
      "@babel/preset-react": "^7.14.5",
      "@storybook/addon-actions": "^6.3.4",
      "@storybook/addon-essentials": "^6.3.4",
      "@storybook/addon-links": "^6.3.4",
      "@storybook/builder-webpack5": "^6.3.4",
      "@storybook/manager-webpack5": "^6.3.4",
      "@storybook/react": "^6.3.4",
      "babel-loader": "^8.2.2",
      "css-loader": "^6.0.0",
      "node-sass": "^6.0.1",
      "sass-loader": "^12.1.0",
      "style-loader": "^3.1.0",
      "webpack": "^5.44.0",
      "webpack-cli": "^4.7.2"
    },
    "dependencies": {
      "@meiuca/design-tokens": "https://github.com/Meiuca/poc-hsl-design-tokens",
      "prop-types": "^15.7.2",
      "react": "^17.0.2"
    }
  }

yarn manifest: 
  No manifest

Lockfile: 
  No lockfile
